[[35mhttp[39m] 2023-03-17 05:22:41:2241 | [35mPOST /api/v1/user/register 400 83 - 64.355 ms[39m
[35m[39m
[[35mhttp[39m] 2023-03-17 05:23:02:232 | [35mPOST /api/v1/user/register 200 293 - 350.134 ms[39m
[35m[39m
[[35mhttp[39m] 2023-03-17 05:32:58:3258 | [35mPOST /api/v1/user/register 400 83 - 42.581 ms[39m
[35m[39m
[[35mhttp[39m] 2023-03-17 05:32:59:3259 | [35mPOST /api/v1/user/register 400 83 - 10.327 ms[39m
[35m[39m
[[35mhttp[39m] 2023-03-17 05:34:13:3413 | [35mPOST /api/v1/user/login 400 69 - 16.037 ms[39m
[35m[39m
[[35mhttp[39m] 2023-03-17 05:34:14:3414 | [35mPOST /api/v1/user/login 400 69 - 4.185 ms[39m
[35m[39m
[[35mhttp[39m] 2023-03-17 05:34:17:3417 | [35mPOST /api/v1/user/login 400 69 - 4.879 ms[39m
[35m[39m
[[35mhttp[39m] 2023-03-17 05:34:28:3428 | [35mPOST /api/v1/user/register 200 295 - 180.621 ms[39m
[35m[39m
[[35mhttp[39m] 2023-03-17 05:35:36:3536 | [35mPOST /api/v1/user/register 200 287 - 164.608 ms[39m
[35m[39m
[[35mhttp[39m] 2023-03-17 05:46:10:4610 | [35mPOST /api/v1/user/register 200 288 - 160.093 ms[39m
[35m[39m
[[35mhttp[39m] 2023-03-17 06:02:17:217 | [35mPOST /api/v1/user/register 200 277 - 162.406 ms[39m
[35m[39m
[[35mhttp[39m] 2023-03-17 06:02:30:230 | [35mPOST /api/v1/user/login 200 202 - 181.244 ms[39m
[35m[39m
[[35mhttp[39m] 2023-03-17 06:02:49:249 | [35mPOST /api/v1/user/login 200 202 - 158.620 ms[39m
[35m[39m
[[35mhttp[39m] 2023-03-17 06:03:29:329 | [35mPOST /api/v1/user/login 200 202 - 160.997 ms[39m
[35m[39m
[[35mhttp[39m] 2023-03-17 06:04:25:425 | [35mPOST /api/v1/user/login 200 202 - 159.491 ms[39m
[35m[39m
[[35mhttp[39m] 2023-03-17 06:04:51:451 | [35mPOST /api/v1/user/login 200 202 - 160.453 ms[39m
[35m[39m
[[35mhttp[39m] 2023-03-17 06:05:29:529 | [35mPOST /api/v1/user/login 200 202 - 163.666 ms[39m
[35m[39m
[[35mhttp[39m] 2023-03-17 06:06:01:61 | [35mPOST /api/v1/user/login 200 202 - 136.293 ms[39m
[35m[39m
[[35mhttp[39m] 2023-03-17 06:13:58:1358 | [35mGET /api/v1/user/check 200 122 - 51.938 ms[39m
[35m[39m
[[35mhttp[39m] 2023-03-17 06:13:58:1358 | [35mGET /api/v1/user/check 200 122 - 11.133 ms[39m
[35m[39m
[[35mhttp[39m] 2023-03-17 06:14:30:1430 | [35mGET /api/v1/user/check 304 - - 92.461 ms[39m
[35m[39m
[[35mhttp[39m] 2023-03-17 06:14:30:1430 | [35mGET /api/v1/user/check 200 122 - 77.164 ms[39m
[35m[39m
[[35mhttp[39m] 2023-03-17 06:14:40:1440 | [35mPOST /api/v1/user/login 200 202 - 156.566 ms[39m
[35m[39m
[[35mhttp[39m] 2023-03-17 06:15:11:1511 | [35mGET /api/v1/user/check 304 - - 39.088 ms[39m
[35m[39m
[[35mhttp[39m] 2023-03-17 06:34:36:3436 | [35mGET /api/v1/user/check 304 - - 77.567 ms[39m
[35m[39m
[[35mhttp[39m] 2023-03-17 06:34:36:3436 | [35mGET /api/v1/user/check 200 122 - 90.476 ms[39m
[35m[39m
[[35mhttp[39m] 2023-03-17 06:34:40:3440 | [35mGET /api/v1/user/check 304 - - 22.338 ms[39m
[35m[39m
[[35mhttp[39m] 2023-03-17 06:34:40:3440 | [35mGET /api/v1/user/check 200 122 - 21.227 ms[39m
[35m[39m
[[35mhttp[39m] 2023-03-17 06:34:54:3454 | [35mGET /api/v1/user/check 304 - - 42.542 ms[39m
[35m[39m
[[35mhttp[39m] 2023-03-17 06:34:54:3454 | [35mGET /api/v1/user/check 200 122 - 22.955 ms[39m
[35m[39m
[[35mhttp[39m] 2023-03-17 06:35:27:3527 | [35mGET /api/v1/user/check 304 - - 62.184 ms[39m
[35m[39m
[[35mhttp[39m] 2023-03-17 06:35:29:3529 | [35mGET /api/v1/user/check 304 - - 53.067 ms[39m
[35m[39m
[[35mhttp[39m] 2023-03-17 06:35:29:3529 | [35mGET /api/v1/user/check 200 122 - 31.560 ms[39m
[35m[39m
[[35mhttp[39m] 2023-03-17 06:36:27:3627 | [35mGET /api/v1/user/check 304 - - 61.808 ms[39m
[35m[39m
[[35mhttp[39m] 2023-03-17 06:36:27:3627 | [35mGET /api/v1/user/check 200 122 - 44.740 ms[39m
[35m[39m
[[35mhttp[39m] 2023-03-17 06:36:49:3649 | [35mGET /api/v1/user/check 304 - - 124.132 ms[39m
[35m[39m
[[35mhttp[39m] 2023-03-17 06:36:49:3649 | [35mGET /api/v1/user/check 200 122 - 144.052 ms[39m
[35m[39m
[[32minfo[39m] 2023-03-17 06:38:24:3824 | [32m⚡️[server]: Server is running at http://localhost:4000[39m
[[32minfo[39m] 2023-03-17 06:38:24:3824 | [32mConnected to database success[39m
[[32minfo[39m] 2023-03-17 06:38:25:3825 | [32mInitialization success[39m
[[35mhttp[39m] 2023-03-17 06:38:31:3831 | [35mGET /api/v1/user/check 304 - - 75.342 ms[39m
[35m[39m
[[35mhttp[39m] 2023-03-17 06:38:31:3831 | [35mGET /api/v1/user/check 200 122 - 12.953 ms[39m
[35m[39m
[[35mhttp[39m] 2023-03-17 06:38:36:3836 | [35mGET /api/v1/reqruitment 200 80361 - 5131.330 ms[39m
[35m[39m
[[35mhttp[39m] 2023-03-17 06:38:36:3836 | [35mGET /api/v1/reqruitment 200 80361 - 5339.685 ms[39m
[35m[39m
[[35mhttp[39m] 2023-03-17 06:39:14:3914 | [35mGET /api/v1/reqruitment 304 - - 276.387 ms[39m
[35m[39m
[[35mhttp[39m] 2023-03-17 06:39:47:3947 | [35mGET /api/v1/user/check 304 - - 126.781 ms[39m
[35m[39m
[[35mhttp[39m] 2023-03-17 06:39:47:3947 | [35mGET /api/v1/user/check 200 122 - 130.455 ms[39m
[35m[39m
[[35mhttp[39m] 2023-03-17 06:39:47:3947 | [35mGET /api/v1/reqruitment 200 80361 - 195.709 ms[39m
[35m[39m
[[35mhttp[39m] 2023-03-17 06:39:47:3947 | [35mGET /api/v1/reqruitment 304 - - 255.541 ms[39m
[35m[39m
[[35mhttp[39m] 2023-03-17 06:48:57:4857 | [35mGET /api/v1/user/check 304 - - 46.742 ms[39m
[35m[39m
[[35mhttp[39m] 2023-03-17 06:52:02:522 | [35mGET /api/v1/reqruitment 304 - - 180.864 ms[39m
[35m[39m
[[35mhttp[39m] 2023-03-17 06:52:35:5235 | [35mGET /api/v1/user/check 304 - - 83.049 ms[39m
[35m[39m
[[35mhttp[39m] 2023-03-17 06:52:41:5241 | [35mGET /api/v1/reqruitment 304 - - 187.405 ms[39m
[35m[39m
[[35mhttp[39m] 2023-03-17 06:53:02:532 | [35mGET /api/v1/reqruitment 304 - - 200.957 ms[39m
[35m[39m
[[35mhttp[39m] 2023-03-17 06:53:36:5336 | [35mGET /api/v1/user/check 304 - - 61.942 ms[39m
[35m[39m
[[35mhttp[39m] 2023-03-17 06:53:36:5336 | [35mGET /api/v1/user/check 200 122 - 104.311 ms[39m
[35m[39m
[[35mhttp[39m] 2023-03-17 06:53:36:5336 | [35mGET /api/v1/reqruitment 304 - - 216.547 ms[39m
[35m[39m
[[35mhttp[39m] 2023-03-17 06:53:36:5336 | [35mGET /api/v1/reqruitment 200 80361 - 201.727 ms[39m
[35m[39m
[[35mhttp[39m] 2023-03-17 06:54:05:545 | [35mGET /api/v1/reqruitment 304 - - 202.262 ms[39m
[35m[39m
[[35mhttp[39m] 2023-03-17 06:54:15:5415 | [35mGET /api/v1/user/check 304 - - 81.529 ms[39m
[35m[39m
[[35mhttp[39m] 2023-03-17 06:54:15:5415 | [35mGET /api/v1/user/check 200 122 - 64.462 ms[39m
[35m[39m
[[35mhttp[39m] 2023-03-17 06:55:05:555 | [35mGET /api/v1/user/check 304 - - 42.303 ms[39m
[35m[39m
[[35mhttp[39m] 2023-03-17 06:55:05:555 | [35mGET /api/v1/user/check 200 122 - 12.761 ms[39m
[35m[39m
[[35mhttp[39m] 2023-03-17 06:55:22:5522 | [35mGET /api/v1/reqruitment/32bf67e5-4971-47ce-985c-44b6b3860cdb 200 6049 - 99.633 ms[39m
[35m[39m
[[35mhttp[39m] 2023-03-17 06:55:37:5537 | [35mGET /api/v1/reqruitment 304 - - 286.781 ms[39m
[35m[39m
[[35mhttp[39m] 2023-03-17 06:55:37:5537 | [35mGET /api/v1/reqruitment 200 80361 - 290.647 ms[39m
[35m[39m
[[35mhttp[39m] 2023-03-17 06:56:19:5619 | [35mGET /api/v1/user/check 304 - - 157.735 ms[39m
[35m[39m
[[35mhttp[39m] 2023-03-17 06:56:19:5619 | [35mGET /api/v1/user/check 200 122 - 141.886 ms[39m
[35m[39m
[[35mhttp[39m] 2023-03-17 06:56:19:5619 | [35mGET /api/v1/reqruitment/32bf67e5-4971-47ce-985c-44b6b3860cdb 304 - - 168.345 ms[39m
[35m[39m
[[35mhttp[39m] 2023-03-17 06:56:19:5619 | [35mGET /api/v1/reqruitment/32bf67e5-4971-47ce-985c-44b6b3860cdb 200 6049 - 160.422 ms[39m
[35m[39m
[[35mhttp[39m] 2023-03-17 06:56:22:5622 | [35mGET /api/v1/user/check 304 - - 39.958 ms[39m
[35m[39m
[[35mhttp[39m] 2023-03-17 06:56:22:5622 | [35mGET /api/v1/user/check 200 122 - 25.609 ms[39m
[35m[39m
[[35mhttp[39m] 2023-03-17 06:57:09:579 | [35mGET /api/v1/user/check 304 - - 109.088 ms[39m
[35m[39m
[[35mhttp[39m] 2023-03-17 06:57:09:579 | [35mGET /api/v1/user/check 200 122 - 107.834 ms[39m
[35m[39m
[[35mhttp[39m] 2023-03-17 06:57:10:5710 | [35mGET /api/v1/user/check 304 - - 17.017 ms[39m
[35m[39m
[[35mhttp[39m] 2023-03-17 06:57:10:5710 | [35mGET /api/v1/user/check 200 122 - 26.045 ms[39m
[35m[39m
[[35mhttp[39m] 2023-03-17 06:57:10:5710 | [35mGET /api/v1/reqruitment 304 - - 226.556 ms[39m
[35m[39m
[[35mhttp[39m] 2023-03-17 06:57:10:5710 | [35mGET /api/v1/reqruitment 200 80361 - 225.763 ms[39m
[35m[39m
[[35mhttp[39m] 2023-03-17 06:57:25:5725 | [35mGET /api/v1/reqruitment/32bf67e5-4971-47ce-985c-44b6b3860cdb - - - - ms[39m
[35m[39m
[[35mhttp[39m] 2023-03-17 06:57:25:5725 | [35mGET /api/v1/reqruitment - - - - ms[39m
[35m[39m
[[35mhttp[39m] 2023-03-17 06:57:25:5725 | [35mGET /api/v1/reqruitment/32bf67e5-4971-47ce-985c-44b6b3860cdb - - - - ms[39m
[35m[39m
[[35mhttp[39m] 2023-03-17 06:57:28:5728 | [35mGET /api/v1/user/check 304 - - 744.275 ms[39m
[35m[39m
[[35mhttp[39m] 2023-03-17 06:57:28:5728 | [35mGET /api/v1/user/check 200 122 - 884.556 ms[39m
[35m[39m
[[35mhttp[39m] 2023-03-17 06:57:28:5728 | [35mGET /api/v1/reqruitment/32bf67e5-4971-47ce-985c-44b6b3860cdb 304 - - 935.701 ms[39m
[35m[39m
[[35mhttp[39m] 2023-03-17 06:57:28:5728 | [35mGET /api/v1/reqruitment/32bf67e5-4971-47ce-985c-44b6b3860cdb - - - - ms[39m
[35m[39m
[[35mhttp[39m] 2023-03-17 06:57:30:5730 | [35mGET /api/v1/user/check 304 - - 16.090 ms[39m
[35m[39m
[[35mhttp[39m] 2023-03-17 06:57:30:5730 | [35mGET /api/v1/user/check 200 122 - 34.465 ms[39m
[35m[39m
[[35mhttp[39m] 2023-03-17 06:57:30:5730 | [35mGET /api/v1/reqruitment/32bf67e5-4971-47ce-985c-44b6b3860cdb 304 - - 196.812 ms[39m
[35m[39m
[[35mhttp[39m] 2023-03-17 06:57:30:5730 | [35mGET /api/v1/reqruitment/32bf67e5-4971-47ce-985c-44b6b3860cdb 200 6049 - 227.347 ms[39m
[35m[39m
[[35mhttp[39m] 2023-03-17 06:57:31:5731 | [35mGET /api/v1/reqruitment 304 - - 182.347 ms[39m
[35m[39m
[[35mhttp[39m] 2023-03-17 06:57:31:5731 | [35mGET /api/v1/reqruitment 200 80361 - 166.929 ms[39m
[35m[39m
[[35mhttp[39m] 2023-03-17 06:57:33:5733 | [35mGET /api/v1/reqruitment/cb850cd5-ea88-484f-8ac1-5359894279b1 200 4347 - 112.225 ms[39m
[35m[39m
[[35mhttp[39m] 2023-03-17 06:57:33:5733 | [35mGET /api/v1/reqruitment/cb850cd5-ea88-484f-8ac1-5359894279b1 200 4347 - 101.201 ms[39m
[35m[39m
[[35mhttp[39m] 2023-03-17 06:57:36:5736 | [35mGET /api/v1/reqruitment 304 - - 184.992 ms[39m
[35m[39m
[[35mhttp[39m] 2023-03-17 06:57:36:5736 | [35mGET /api/v1/reqruitment 200 80361 - 189.740 ms[39m
[35m[39m
[[35mhttp[39m] 2023-03-17 06:57:38:5738 | [35mGET /api/v1/reqruitment/32bf67e5-4971-47ce-985c-44b6b3860cdb 200 6049 - 104.499 ms[39m
[35m[39m
[[35mhttp[39m] 2023-03-17 06:57:38:5738 | [35mGET /api/v1/reqruitment/32bf67e5-4971-47ce-985c-44b6b3860cdb 304 - - 128.492 ms[39m
[35m[39m
[[35mhttp[39m] 2023-03-17 06:57:41:5741 | [35mGET /api/v1/reqruitment 200 80361 - 183.758 ms[39m
[35m[39m
[[35mhttp[39m] 2023-03-17 06:57:41:5741 | [35mGET /api/v1/reqruitment 304 - - 173.714 ms[39m
[35m[39m
[[35mhttp[39m] 2023-03-17 06:57:43:5743 | [35mGET /api/v1/reqruitment/1f004d5a-ef14-4533-8c0b-5f354978ddae 200 5237 - 98.781 ms[39m
[35m[39m
[[35mhttp[39m] 2023-03-17 06:57:43:5743 | [35mGET /api/v1/reqruitment/1f004d5a-ef14-4533-8c0b-5f354978ddae 200 5237 - 116.637 ms[39m
[35m[39m
[[35mhttp[39m] 2023-03-17 06:57:47:5747 | [35mGET /api/v1/reqruitment 200 80361 - 198.654 ms[39m
[35m[39m
[[35mhttp[39m] 2023-03-17 06:57:47:5747 | [35mGET /api/v1/reqruitment 304 - - 219.258 ms[39m
[35m[39m
[[35mhttp[39m] 2023-03-17 06:57:49:5749 | [35mGET /api/v1/reqruitment/0cbbfe2b-5dcf-45f9-94bf-b74882b593ff 200 3130 - 697.737 ms[39m
[35m[39m
[[35mhttp[39m] 2023-03-17 06:57:49:5749 | [35mGET /api/v1/reqruitment/0cbbfe2b-5dcf-45f9-94bf-b74882b593ff 200 3130 - 940.098 ms[39m
[35m[39m
[[35mhttp[39m] 2023-03-17 06:58:19:5819 | [35mGET /api/v1/reqruitment 304 - - 919.272 ms[39m
[35m[39m
[[35mhttp[39m] 2023-03-17 06:58:20:5820 | [35mGET /api/v1/reqruitment 200 80361 - 1658.680 ms[39m
[35m[39m
[[35mhttp[39m] 2023-03-17 06:59:41:5941 | [35mGET /api/v1/reqruitment 304 - - 220.748 ms[39m
[35m[39m
[[35mhttp[39m] 2023-03-17 07:00:26:026 | [35mGET /api/v1/reqruitment 304 - - 213.136 ms[39m
[35m[39m
[[35mhttp[39m] 2023-03-17 07:00:40:040 | [35mGET /api/v1/reqruitment 304 - - 243.321 ms[39m
[35m[39m
[[35mhttp[39m] 2023-03-17 07:00:53:053 | [35mGET /api/v1/user/check 200 122 - 136.809 ms[39m
[35m[39m
[[35mhttp[39m] 2023-03-17 07:00:53:053 | [35mGET /api/v1/user/check 304 - - 111.008 ms[39m
[35m[39m
[[35mhttp[39m] 2023-03-17 07:00:53:053 | [35mGET /api/v1/reqruitment 304 - - 205.823 ms[39m
[35m[39m
[[35mhttp[39m] 2023-03-17 07:00:53:053 | [35mGET /api/v1/reqruitment 200 80361 - 238.386 ms[39m
[35m[39m
[[35mhttp[39m] 2023-03-17 07:04:04:44 | [35mGET /api/v1/user/check 304 - - 86.565 ms[39m
[35m[39m
[[35mhttp[39m] 2023-03-17 07:04:04:44 | [35mGET /api/v1/user/check 200 122 - 85.264 ms[39m
[35m[39m
[[35mhttp[39m] 2023-03-17 07:04:05:45 | [35mGET /api/v1/reqruitment 304 - - 287.229 ms[39m
[35m[39m
[[35mhttp[39m] 2023-03-17 07:04:05:45 | [35mGET /api/v1/reqruitment 200 80361 - 263.280 ms[39m
[35m[39m
[[32minfo[39m] 2023-03-17 07:09:13:913 | [32m⚡️[server]: Server is running at http://localhost:4000[39m
[[32minfo[39m] 2023-03-17 07:09:13:913 | [32mConnected to database success[39m
[[32minfo[39m] 2023-03-17 07:09:13:913 | [32mInitialization success[39m
[[35mhttp[39m] 2023-03-17 07:10:42:1042 | [35mPOST /api/v1/user/login 400 69 - 278.103 ms[39m
[35m[39m
[[35mhttp[39m] 2023-03-17 07:10:43:1043 | [35mPOST /api/v1/user/login 400 69 - 158.176 ms[39m
[35m[39m
[[35mhttp[39m] 2023-03-17 07:10:51:1051 | [35mGET /api/v1/reqruitment 500 62 - 1.983 ms[39m
[35m[39m
[[35mhttp[39m] 2023-03-17 07:10:51:1051 | [35mGET /api/v1/reqruitment 500 62 - 1.431 ms[39m
[35m[39m
[[35mhttp[39m] 2023-03-17 07:10:53:1053 | [35mGET /api/v1/reqruitment 500 62 - 1.069 ms[39m
[35m[39m
[[35mhttp[39m] 2023-03-17 07:10:53:1053 | [35mGET /api/v1/reqruitment 500 62 - 1.624 ms[39m
[35m[39m
[[35mhttp[39m] 2023-03-17 07:11:06:116 | [35mPOST /api/v1/user/login 200 202 - 185.900 ms[39m
[35m[39m
[[35mhttp[39m] 2023-03-17 07:11:12:1112 | [35mGET /api/v1/user/check 200 122 - 15.470 ms[39m
[35m[39m
[[35mhttp[39m] 2023-03-17 07:11:12:1112 | [35mGET /api/v1/user/check 304 - - 13.518 ms[39m
[35m[39m
[[35mhttp[39m] 2023-03-17 07:11:12:1112 | [35mGET /api/v1/reqruitment 200 80361 - 406.724 ms[39m
[35m[39m
[[35mhttp[39m] 2023-03-17 07:11:13:1113 | [35mGET /api/v1/reqruitment 304 - - 243.859 ms[39m
[35m[39m
[[35mhttp[39m] 2023-03-17 07:12:05:125 | [35mGET /api/v1/user/check 200 122 - 52.662 ms[39m
[35m[39m
[[35mhttp[39m] 2023-03-17 07:12:05:125 | [35mGET /api/v1/user/check 304 - - 59.421 ms[39m
[35m[39m
[[35mhttp[39m] 2023-03-17 07:12:05:125 | [35mGET /api/v1/reqruitment 200 80361 - 217.468 ms[39m
[35m[39m
[[35mhttp[39m] 2023-03-17 07:12:05:125 | [35mGET /api/v1/reqruitment 304 - - 269.430 ms[39m
[35m[39m
[[35mhttp[39m] 2023-03-17 07:12:33:1233 | [35mGET /api/v1/user/check 200 122 - 52.034 ms[39m
[35m[39m
[[35mhttp[39m] 2023-03-17 07:12:33:1233 | [35mGET /api/v1/user/check 304 - - 59.555 ms[39m
[35m[39m
[[35mhttp[39m] 2023-03-17 07:12:34:1234 | [35mGET /api/v1/reqruitment 200 80361 - 208.819 ms[39m
[35m[39m
[[35mhttp[39m] 2023-03-17 07:12:34:1234 | [35mGET /api/v1/reqruitment 304 - - 200.601 ms[39m
[35m[39m
[[35mhttp[39m] 2023-03-17 07:12:35:1235 | [35mGET /api/v1/reqruitment 304 - - 214.661 ms[39m
[35m[39m
[[35mhttp[39m] 2023-03-17 07:12:35:1235 | [35mGET /api/v1/reqruitment 200 80361 - 189.461 ms[39m
[35m[39m
[[35mhttp[39m] 2023-03-17 07:12:35:1235 | [35mGET /api/v1/reqruitment 304 - - 242.148 ms[39m
[35m[39m
[[35mhttp[39m] 2023-03-17 07:12:36:1236 | [35mGET /api/v1/reqruitment 200 80361 - 219.726 ms[39m
[35m[39m
[[35mhttp[39m] 2023-03-17 07:12:36:1236 | [35mGET /api/v1/reqruitment 304 - - 206.214 ms[39m
[35m[39m
[[35mhttp[39m] 2023-03-17 07:13:54:1354 | [35mGET /api/v1/reqruitment?location=berlin 200 80361 - 217.036 ms[39m
[35m[39m
[[35mhttp[39m] 2023-03-17 07:13:54:1354 | [35mGET /api/v1/reqruitment?location=berlin 200 80361 - 268.755 ms[39m
[35m[39m
[[35mhttp[39m] 2023-03-17 07:14:18:1418 | [35mGET /api/v1/reqruitment?location=berlin 304 - - 225.299 ms[39m
[35m[39m
[[35mhttp[39m] 2023-03-17 07:14:18:1418 | [35mGET /api/v1/reqruitment?location=berlin 304 - - 221.740 ms[39m
[35m[39m
[[35mhttp[39m] 2023-03-17 07:14:23:1423 | [35mGET /api/v1/reqruitment?location=berlin 304 - - 229.349 ms[39m
[35m[39m
[[35mhttp[39m] 2023-03-17 07:14:26:1426 | [35mGET /api/v1/reqruitment?location=berlin 304 - - 1777.412 ms[39m
[35m[39m
[[35mhttp[39m] 2023-03-17 07:14:44:1444 | [35mGET /api/v1/reqruitment?description=python&location=berlin&full_time=true 200 80361 - 202.997 ms[39m
[35m[39m
[[35mhttp[39m] 2023-03-17 07:15:05:155 | [35mGET /api/v1/reqruitment?location=berlin 304 - - 214.671 ms[39m
[35m[39m
[[35mhttp[39m] 2023-03-17 07:15:05:155 | [35mGET /api/v1/reqruitment?description=python&location=berlin&full_time=true 304 - - 210.649 ms[39m
[35m[39m
[[35mhttp[39m] 2023-03-17 07:15:05:155 | [35mGET /api/v1/reqruitment?location=berlin 304 - - 216.559 ms[39m
[35m[39m
[[35mhttp[39m] 2023-03-17 07:15:05:155 | [35mGET /api/v1/reqruitment?description=python&location=berlin&full_time=true 304 - - 208.091 ms[39m
[35m[39m
[[35mhttp[39m] 2023-03-17 07:15:05:155 | [35mGET /api/v1/reqruitment?location=berlin 304 - - 231.611 ms[39m
[35m[39m
[[35mhttp[39m] 2023-03-17 07:15:05:155 | [35mGET /api/v1/reqruitment?description=python&location=berlin&full_time=true 304 - - 257.952 ms[39m
[35m[39m
[[35mhttp[39m] 2023-03-17 07:15:06:156 | [35mGET /api/v1/reqruitment?description=python&location=berlin&full_time=true 304 - - 176.276 ms[39m
[35m[39m
[[35mhttp[39m] 2023-03-17 07:15:06:156 | [35mGET /api/v1/reqruitment?location=berlin 304 - - 323.126 ms[39m
[35m[39m
[[35mhttp[39m] 2023-03-17 07:15:06:156 | [35mGET /api/v1/reqruitment?location=berlin 304 - - 212.589 ms[39m
[35m[39m
[[35mhttp[39m] 2023-03-17 07:15:06:156 | [35mGET /api/v1/reqruitment?location=berlin 304 - - 172.495 ms[39m
[35m[39m
[[35mhttp[39m] 2023-03-17 07:15:06:156 | [35mGET /api/v1/reqruitment?description=python&location=berlin&full_time=true 304 - - 238.628 ms[39m
[35m[39m
[[35mhttp[39m] 2023-03-17 07:15:07:157 | [35mGET /api/v1/reqruitment?location=berlin 304 - - 231.062 ms[39m
[35m[39m
[[35mhttp[39m] 2023-03-17 07:15:07:157 | [35mGET /api/v1/reqruitment?description=python&location=berlin&full_time=true 304 - - 222.711 ms[39m
[35m[39m
[[35mhttp[39m] 2023-03-17 07:15:07:157 | [35mGET /api/v1/reqruitment?location=berlin 304 - - 287.029 ms[39m
[35m[39m
[[35mhttp[39m] 2023-03-17 07:15:07:157 | [35mGET /api/v1/reqruitment?description=python&location=berlin&full_time=true 304 - - 235.032 ms[39m
[35m[39m
[[35mhttp[39m] 2023-03-17 07:15:07:157 | [35mGET /api/v1/reqruitment?location=berlin 304 - - 242.584 ms[39m
[35m[39m
[[35mhttp[39m] 2023-03-17 07:15:07:157 | [35mGET /api/v1/reqruitment?description=python&location=berlin&full_time=true 304 - - 235.218 ms[39m
[35m[39m
[[35mhttp[39m] 2023-03-17 07:15:08:158 | [35mGET /api/v1/reqruitment?location=berlin 304 - - 232.278 ms[39m
[35m[39m
[[35mhttp[39m] 2023-03-17 07:15:08:158 | [35mGET /api/v1/reqruitment?location=berlin 304 - - 183.120 ms[39m
[35m[39m
[[35mhttp[39m] 2023-03-17 07:15:08:158 | [35mGET /api/v1/reqruitment?description=python&location=berlin&full_time=true 304 - - 242.350 ms[39m
[35m[39m
[[35mhttp[39m] 2023-03-17 07:15:08:158 | [35mGET /api/v1/reqruitment?description=python&location=berlin&full_time=true 304 - - 233.015 ms[39m
[35m[39m
[[35mhttp[39m] 2023-03-17 07:15:08:158 | [35mGET /api/v1/reqruitment?location=berlin 304 - - 298.775 ms[39m
[35m[39m
[[35mhttp[39m] 2023-03-17 07:15:08:158 | [35mGET /api/v1/reqruitment?description=python&location=berlin&full_time=true 304 - - 194.287 ms[39m
[35m[39m
[[35mhttp[39m] 2023-03-17 07:15:08:158 | [35mGET /api/v1/reqruitment?location=berlin 304 - - 219.342 ms[39m
[35m[39m
[[35mhttp[39m] 2023-03-17 07:15:09:159 | [35mGET /api/v1/reqruitment?location=berlin 304 - - 208.933 ms[39m
[35m[39m
[[35mhttp[39m] 2023-03-17 07:15:09:159 | [35mGET /api/v1/reqruitment?description=python&location=berlin&full_time=true 304 - - 204.854 ms[39m
[35m[39m
[[35mhttp[39m] 2023-03-17 07:15:09:159 | [35mGET /api/v1/reqruitment?location=berlin 304 - - 264.315 ms[39m
[35m[39m
[[35mhttp[39m] 2023-03-17 07:15:09:159 | [35mGET /api/v1/reqruitment?description=python&location=berlin&full_time=true 304 - - 170.945 ms[39m
[35m[39m
[[35mhttp[39m] 2023-03-17 07:15:09:159 | [35mGET /api/v1/reqruitment?location=berlin 304 - - 252.037 ms[39m
[35m[39m
[[35mhttp[39m] 2023-03-17 07:15:09:159 | [35mGET /api/v1/reqruitment?description=python&location=berlin&full_time=true 304 - - 242.605 ms[39m
[35m[39m
[[35mhttp[39m] 2023-03-17 07:15:09:159 | [35mGET /api/v1/reqruitment?location=berlin 304 - - 204.183 ms[39m
[35m[39m
[[35mhttp[39m] 2023-03-17 07:15:10:1510 | [35mGET /api/v1/reqruitment?description=python&location=berlin&full_time=true 304 - - 204.900 ms[39m
[35m[39m
[[35mhttp[39m] 2023-03-17 07:15:10:1510 | [35mGET /api/v1/reqruitment?location=berlin 304 - - 209.290 ms[39m
[35m[39m
[[35mhttp[39m] 2023-03-17 07:15:10:1510 | [35mGET /api/v1/reqruitment?description=python&location=berlin&full_time=true 304 - - 283.646 ms[39m
[35m[39m
[[35mhttp[39m] 2023-03-17 07:15:10:1510 | [35mGET /api/v1/reqruitment?location=berlin 304 - - 210.474 ms[39m
[35m[39m
[[35mhttp[39m] 2023-03-17 07:15:10:1510 | [35mGET /api/v1/reqruitment?location=berlin 304 - - 172.295 ms[39m
[35m[39m
[[35mhttp[39m] 2023-03-17 07:15:10:1510 | [35mGET /api/v1/reqruitment?description=python&location=berlin&full_time=true 304 - - 226.487 ms[39m
[35m[39m
[[35mhttp[39m] 2023-03-17 07:15:10:1510 | [35mGET /api/v1/reqruitment?location=berlin 304 - - 260.192 ms[39m
[35m[39m
[[35mhttp[39m] 2023-03-17 07:15:10:1510 | [35mGET /api/v1/reqruitment?description=python&location=berlin&full_time=true 304 - - 249.537 ms[39m
[35m[39m
[[35mhttp[39m] 2023-03-17 07:15:11:1511 | [35mGET /api/v1/reqruitment?location=berlin 304 - - 209.694 ms[39m
[35m[39m
[[35mhttp[39m] 2023-03-17 07:15:11:1511 | [35mGET /api/v1/reqruitment?description=python&location=berlin&full_time=true 304 - - 199.036 ms[39m
[35m[39m
[[35mhttp[39m] 2023-03-17 07:15:11:1511 | [35mGET /api/v1/reqruitment?description=python&location=berlin&full_time=true 304 - - 207.108 ms[39m
[35m[39m
[[35mhttp[39m] 2023-03-17 07:15:11:1511 | [35mGET /api/v1/reqruitment?location=berlin 304 - - 238.906 ms[39m
[35m[39m
[[35mhttp[39m] 2023-03-17 07:15:11:1511 | [35mGET /api/v1/reqruitment?location=berlin 304 - - 213.352 ms[39m
[35m[39m
[[35mhttp[39m] 2023-03-17 07:15:11:1511 | [35mGET /api/v1/reqruitment?description=python&location=berlin&full_time=true 304 - - 221.901 ms[39m
[35m[39m
[[35mhttp[39m] 2023-03-17 07:15:12:1512 | [35mGET /api/v1/reqruitment?location=berlin 304 - - 278.091 ms[39m
[35m[39m
[[35mhttp[39m] 2023-03-17 07:15:12:1512 | [35mGET /api/v1/reqruitment?description=python&location=berlin&full_time=true 304 - - 229.959 ms[39m
[35m[39m
[[35mhttp[39m] 2023-03-17 07:15:12:1512 | [35mGET /api/v1/reqruitment?location=berlin 304 - - 199.400 ms[39m
[35m[39m
[[35mhttp[39m] 2023-03-17 07:15:12:1512 | [35mGET /api/v1/reqruitment?description=python&location=berlin&full_time=true 304 - - 210.894 ms[39m
[35m[39m
[[35mhttp[39m] 2023-03-17 07:15:12:1512 | [35mGET /api/v1/reqruitment?location=berlin 304 - - 249.176 ms[39m
[35m[39m
[[35mhttp[39m] 2023-03-17 07:15:12:1512 | [35mGET /api/v1/reqruitment?description=python&location=berlin&full_time=true 304 - - 207.956 ms[39m
[35m[39m
[[35mhttp[39m] 2023-03-17 07:15:12:1512 | [35mGET /api/v1/reqruitment?description=python&location=berlin&full_time=true 304 - - 171.292 ms[39m
[35m[39m
[[35mhttp[39m] 2023-03-17 07:15:12:1512 | [35mGET /api/v1/reqruitment?location=berlin 304 - - 234.362 ms[39m
[35m[39m
[[35mhttp[39m] 2023-03-17 07:15:13:1513 | [35mGET /api/v1/reqruitment?description=python&location=berlin&full_time=true 304 - - 182.949 ms[39m
[35m[39m
[[35mhttp[39m] 2023-03-17 07:15:13:1513 | [35mGET /api/v1/reqruitment?location=berlin 304 - - 229.992 ms[39m
[35m[39m
[[35mhttp[39m] 2023-03-17 07:15:13:1513 | [35mGET /api/v1/reqruitment?description=python&location=berlin&full_time=true 304 - - 156.815 ms[39m
[35m[39m
[[35mhttp[39m] 2023-03-17 07:15:13:1513 | [35mGET /api/v1/reqruitment?location=berlin 304 - - 232.446 ms[39m
[35m[39m
[[35mhttp[39m] 2023-03-17 07:15:13:1513 | [35mGET /api/v1/reqruitment?location=berlin 304 - - 225.838 ms[39m
[35m[39m
[[35mhttp[39m] 2023-03-17 07:15:13:1513 | [35mGET /api/v1/reqruitment?description=python&location=berlin&full_time=true 304 - - 198.832 ms[39m
[35m[39m
[[35mhttp[39m] 2023-03-17 07:15:13:1513 | [35mGET /api/v1/reqruitment?location=berlin 304 - - 221.450 ms[39m
[35m[39m
[[35mhttp[39m] 2023-03-17 07:15:13:1513 | [35mGET /api/v1/reqruitment?description=python&location=berlin&full_time=true 304 - - 205.517 ms[39m
[35m[39m
[[35mhttp[39m] 2023-03-17 07:15:14:1514 | [35mGET /api/v1/reqruitment?description=python&location=berlin&full_time=true 304 - - 162.836 ms[39m
[35m[39m
[[35mhttp[39m] 2023-03-17 07:15:14:1514 | [35mGET /api/v1/reqruitment?location=berlin 304 - - 215.879 ms[39m
[35m[39m
[[35mhttp[39m] 2023-03-17 07:15:14:1514 | [35mGET /api/v1/reqruitment?description=python&location=berlin&full_time=true 304 - - 177.055 ms[39m
[35m[39m
[[35mhttp[39m] 2023-03-17 07:15:14:1514 | [35mGET /api/v1/reqruitment?location=berlin 304 - - 257.473 ms[39m
[35m[39m
[[35mhttp[39m] 2023-03-17 07:15:14:1514 | [35mGET /api/v1/reqruitment?location=berlin 304 - - 212.704 ms[39m
[35m[39m
[[35mhttp[39m] 2023-03-17 07:15:14:1514 | [35mGET /api/v1/reqruitment?description=python&location=berlin&full_time=true 304 - - 228.715 ms[39m
[35m[39m
[[35mhttp[39m] 2023-03-17 07:15:14:1514 | [35mGET /api/v1/reqruitment?description=python&location=berlin&full_time=true 304 - - 196.708 ms[39m
[35m[39m
[[35mhttp[39m] 2023-03-17 07:15:14:1514 | [35mGET /api/v1/reqruitment?location=berlin 304 - - 222.852 ms[39m
[35m[39m
[[35mhttp[39m] 2023-03-17 07:15:15:1515 | [35mGET /api/v1/reqruitment?location=berlin 304 - - 204.552 ms[39m
[35m[39m
[[35mhttp[39m] 2023-03-17 07:15:15:1515 | [35mGET /api/v1/reqruitment?description=python&location=berlin&full_time=true 304 - - 207.322 ms[39m
[35m[39m
[[35mhttp[39m] 2023-03-17 07:15:15:1515 | [35mGET /api/v1/reqruitment?location=berlin 304 - - 276.548 ms[39m
[35m[39m
[[35mhttp[39m] 2023-03-17 07:15:15:1515 | [35mGET /api/v1/reqruitment?description=python&location=berlin&full_time=true 304 - - 271.198 ms[39m
[35m[39m
[[35mhttp[39m] 2023-03-17 07:15:15:1515 | [35mGET /api/v1/reqruitment?description=python&location=berlin&full_time=true 304 - - 189.808 ms[39m
[35m[39m
[[35mhttp[39m] 2023-03-17 07:15:15:1515 | [35mGET /api/v1/reqruitment?location=berlin 304 - - 238.575 ms[39m
[35m[39m
[[35mhttp[39m] 2023-03-17 07:15:16:1516 | [35mGET /api/v1/reqruitment?location=berlin 304 - - 222.834 ms[39m
[35m[39m
[[35mhttp[39m] 2023-03-17 07:15:16:1516 | [35mGET /api/v1/reqruitment?description=python&location=berlin&full_time=true 304 - - 214.145 ms[39m
[35m[39m
[[35mhttp[39m] 2023-03-17 07:15:16:1516 | [35mGET /api/v1/reqruitment?location=berlin 304 - - 225.770 ms[39m
[35m[39m
[[35mhttp[39m] 2023-03-17 07:15:16:1516 | [35mGET /api/v1/reqruitment?description=python&location=berlin&full_time=true 304 - - 198.217 ms[39m
[35m[39m
[[35mhttp[39m] 2023-03-17 07:15:16:1516 | [35mGET /api/v1/reqruitment?location=berlin 304 - - 266.543 ms[39m
[35m[39m
[[35mhttp[39m] 2023-03-17 07:15:16:1516 | [35mGET /api/v1/reqruitment?description=python&location=berlin&full_time=true 304 - - 228.004 ms[39m
[35m[39m
[[35mhttp[39m] 2023-03-17 07:15:16:1516 | [35mGET /api/v1/reqruitment?location=berlin 304 - - 234.819 ms[39m
[35m[39m
[[35mhttp[39m] 2023-03-17 07:15:16:1516 | [35mGET /api/v1/reqruitment?description=python&location=berlin&full_time=true 304 - - 231.815 ms[39m
[35m[39m
[[35mhttp[39m] 2023-03-17 07:15:17:1517 | [35mGET /api/v1/reqruitment?description=python&location=berlin&full_time=true 304 - - 193.696 ms[39m
[35m[39m
[[35mhttp[39m] 2023-03-17 07:15:17:1517 | [35mGET /api/v1/reqruitment?location=berlin 304 - - 234.478 ms[39m
[35m[39m
[[35mhttp[39m] 2023-03-17 07:15:17:1517 | [35mGET /api/v1/reqruitment?description=python&location=berlin&full_time=true 304 - - 203.821 ms[39m
[35m[39m
[[35mhttp[39m] 2023-03-17 07:15:17:1517 | [35mGET /api/v1/reqruitment?location=berlin 304 - - 205.066 ms[39m
[35m[39m
[[35mhttp[39m] 2023-03-17 07:15:17:1517 | [35mGET /api/v1/reqruitment?location=berlin 304 - - 248.937 ms[39m
[35m[39m
[[35mhttp[39m] 2023-03-17 07:15:17:1517 | [35mGET /api/v1/reqruitment?description=python&location=berlin&full_time=true 304 - - 257.045 ms[39m
[35m[39m
[[35mhttp[39m] 2023-03-17 07:15:17:1517 | [35mGET /api/v1/reqruitment?description=python&location=berlin&full_time=true 304 - - 183.176 ms[39m
[35m[39m
[[35mhttp[39m] 2023-03-17 07:15:18:1518 | [35mGET /api/v1/reqruitment?location=berlin 304 - - 222.924 ms[39m
[35m[39m
[[35mhttp[39m] 2023-03-17 07:15:18:1518 | [35mGET /api/v1/reqruitment?location=berlin 304 - - 214.027 ms[39m
[35m[39m
[[35mhttp[39m] 2023-03-17 07:15:18:1518 | [35mGET /api/v1/reqruitment?description=python&location=berlin&full_time=true 304 - - 212.003 ms[39m
[35m[39m
[[35mhttp[39m] 2023-03-17 07:15:18:1518 | [35mGET /api/v1/reqruitment?description=python&location=berlin&full_time=true 304 - - 185.978 ms[39m
[35m[39m
[[35mhttp[39m] 2023-03-17 07:15:18:1518 | [35mGET /api/v1/reqruitment?location=berlin 304 - - 242.712 ms[39m
[35m[39m
[[35mhttp[39m] 2023-03-17 07:15:18:1518 | [35mGET /api/v1/reqruitment?location=berlin 304 - - 206.468 ms[39m
[35m[39m
[[35mhttp[39m] 2023-03-17 07:15:18:1518 | [35mGET /api/v1/reqruitment?description=python&location=berlin&full_time=true 304 - - 205.723 ms[39m
[35m[39m
[[35mhttp[39m] 2023-03-17 07:15:19:1519 | [35mGET /api/v1/reqruitment?description=python&location=berlin&full_time=true 304 - - 189.542 ms[39m
[35m[39m
[[35mhttp[39m] 2023-03-17 07:15:19:1519 | [35mGET /api/v1/reqruitment?location=berlin 304 - - 224.472 ms[39m
[35m[39m
[[35mhttp[39m] 2023-03-17 07:15:19:1519 | [35mGET /api/v1/reqruitment?location=berlin 304 - - 212.815 ms[39m
[35m[39m
[[35mhttp[39m] 2023-03-17 07:15:19:1519 | [35mGET /api/v1/reqruitment?description=python&location=berlin&full_time=true 304 - - 217.190 ms[39m
[35m[39m
[[35mhttp[39m] 2023-03-17 07:15:19:1519 | [35mGET /api/v1/reqruitment?location=berlin 304 - - 211.960 ms[39m
[35m[39m
[[35mhttp[39m] 2023-03-17 07:15:19:1519 | [35mGET /api/v1/reqruitment?description=python&location=berlin&full_time=true 304 - - 281.231 ms[39m
[35m[39m
[[35mhttp[39m] 2023-03-17 07:15:19:1519 | [35mGET /api/v1/reqruitment?location=berlin 304 - - 226.798 ms[39m
[35m[39m
[[35mhttp[39m] 2023-03-17 07:15:19:1519 | [35mGET /api/v1/reqruitment?description=python&location=berlin&full_time=true 304 - - 210.693 ms[39m
[35m[39m
[[35mhttp[39m] 2023-03-17 07:15:20:1520 | [35mGET /api/v1/reqruitment?location=berlin 304 - - 269.569 ms[39m
[35m[39m
[[35mhttp[39m] 2023-03-17 07:15:20:1520 | [35mGET /api/v1/reqruitment?description=python&location=berlin&full_time=true 304 - - 264.443 ms[39m
[35m[39m
[[35mhttp[39m] 2023-03-17 07:15:20:1520 | [35mGET /api/v1/reqruitment?location=berlin 304 - - 197.630 ms[39m
[35m[39m
[[35mhttp[39m] 2023-03-17 07:15:20:1520 | [35mGET /api/v1/reqruitment?description=python&location=berlin&full_time=true 304 - - 213.158 ms[39m
[35m[39m
[[35mhttp[39m] 2023-03-17 07:15:20:1520 | [35mGET /api/v1/reqruitment?location=berlin 304 - - 200.903 ms[39m
[35m[39m
[[35mhttp[39m] 2023-03-17 07:15:20:1520 | [35mGET /api/v1/reqruitment?description=python&location=berlin&full_time=true 304 - - 235.865 ms[39m
[35m[39m
[[35mhttp[39m] 2023-03-17 07:15:20:1520 | [35mGET /api/v1/reqruitment?location=berlin 304 - - 203.345 ms[39m
[35m[39m
[[35mhttp[39m] 2023-03-17 07:15:21:1521 | [35mGET /api/v1/reqruitment?location=berlin 304 - - 218.423 ms[39m
[35m[39m
[[35mhttp[39m] 2023-03-17 07:15:21:1521 | [35mGET /api/v1/reqruitment?description=python&location=berlin&full_time=true 304 - - 263.892 ms[39m
[35m[39m
[[35mhttp[39m] 2023-03-17 07:15:21:1521 | [35mGET /api/v1/reqruitment?location=berlin 304 - - 277.797 ms[39m
[35m[39m
[[35mhttp[39m] 2023-03-17 07:15:21:1521 | [35mGET /api/v1/reqruitment?description=python&location=berlin&full_time=true 304 - - 217.683 ms[39m
[35m[39m
[[35mhttp[39m] 2023-03-17 07:15:21:1521 | [35mGET /api/v1/reqruitment?location=berlin 304 - - 173.061 ms[39m
[35m[39m
[[35mhttp[39m] 2023-03-17 07:15:21:1521 | [35mGET /api/v1/reqruitment?location=berlin 304 - - 200.180 ms[39m
[35m[39m
[[35mhttp[39m] 2023-03-17 07:15:21:1521 | [35mGET /api/v1/reqruitment?description=python&location=berlin&full_time=true 304 - - 204.389 ms[39m
[35m[39m
[[35mhttp[39m] 2023-03-17 07:15:22:1522 | [35mGET /api/v1/reqruitment?location=berlin 304 - - 215.986 ms[39m
[35m[39m
[[35mhttp[39m] 2023-03-17 07:15:22:1522 | [35mGET /api/v1/reqruitment?location=berlin 304 - - 246.041 ms[39m
[35m[39m
[[35mhttp[39m] 2023-03-17 07:15:22:1522 | [35mGET /api/v1/reqruitment?description=python&location=berlin&full_time=true 304 - - 270.425 ms[39m
[35m[39m
[[35mhttp[39m] 2023-03-17 07:15:22:1522 | [35mGET /api/v1/reqruitment?location=berlin 304 - - 221.870 ms[39m
[35m[39m
[[35mhttp[39m] 2023-03-17 07:15:22:1522 | [35mGET /api/v1/reqruitment?description=python&location=berlin&full_time=true 304 - - 230.730 ms[39m
[35m[39m
[[35mhttp[39m] 2023-03-17 07:15:22:1522 | [35mGET /api/v1/reqruitment?location=berlin 304 - - 207.351 ms[39m
[35m[39m
[[35mhttp[39m] 2023-03-17 07:15:23:1523 | [35mGET /api/v1/reqruitment?location=berlin 304 - - 218.465 ms[39m
[35m[39m
[[35mhttp[39m] 2023-03-17 07:15:23:1523 | [35mGET /api/v1/reqruitment?description=python&location=berlin&full_time=true 304 - - 227.472 ms[39m
[35m[39m
[[35mhttp[39m] 2023-03-17 07:15:23:1523 | [35mGET /api/v1/reqruitment?location=berlin 304 - - 243.337 ms[39m
[35m[39m
[[35mhttp[39m] 2023-03-17 07:15:23:1523 | [35mGET /api/v1/reqruitment?location=berlin 304 - - 215.462 ms[39m
[35m[39m
[[35mhttp[39m] 2023-03-17 07:15:23:1523 | [35mGET /api/v1/reqruitment?description=python&location=berlin&full_time=true 304 - - 208.946 ms[39m
[35m[39m
[[35mhttp[39m] 2023-03-17 07:15:24:1524 | [35mGET /api/v1/reqruitment?location=berlin 304 - - 203.880 ms[39m
[35m[39m
[[35mhttp[39m] 2023-03-17 07:15:24:1524 | [35mGET /api/v1/reqruitment?description=python&location=berlin&full_time=true 304 - - 261.504 ms[39m
[35m[39m
[[35mhttp[39m] 2023-03-17 07:15:24:1524 | [35mGET /api/v1/reqruitment?location=berlin 304 - - 232.812 ms[39m
[35m[39m
[[35mhttp[39m] 2023-03-17 07:15:24:1524 | [35mGET /api/v1/reqruitment?location=berlin 304 - - 213.560 ms[39m
[35m[39m
[[35mhttp[39m] 2023-03-17 07:15:24:1524 | [35mGET /api/v1/reqruitment?description=python&location=berlin&full_time=true 200 80361 - 355.803 ms[39m
[35m[39m
[[35mhttp[39m] 2023-03-17 07:15:24:1524 | [35mGET /api/v1/reqruitment?description=python&location=berlin&full_time=true 304 - - 404.289 ms[39m
[35m[39m
[[35mhttp[39m] 2023-03-17 07:15:27:1527 | [35mGET /api/v1/reqruitment?location=berlin 304 - - 248.711 ms[39m
[35m[39m
[[35mhttp[39m] 2023-03-17 07:15:28:1528 | [35mGET /api/v1/reqruitment?description=python&location=berlin&full_time=true 304 - - 199.560 ms[39m
[35m[39m
[[35mhttp[39m] 2023-03-17 07:15:28:1528 | [35mGET /api/v1/reqruitment?location=berlin 304 - - 230.514 ms[39m
[35m[39m
[[35mhttp[39m] 2023-03-17 07:15:28:1528 | [35mGET /api/v1/reqruitment?location=berlin 304 - - 208.686 ms[39m
[35m[39m
[[35mhttp[39m] 2023-03-17 07:15:28:1528 | [35mGET /api/v1/reqruitment?description=python&location=berlin&full_time=true 304 - - 232.763 ms[39m
[35m[39m
[[35mhttp[39m] 2023-03-17 07:15:28:1528 | [35mGET /api/v1/reqruitment?location=berlin 304 - - 226.383 ms[39m
[35m[39m
[[35mhttp[39m] 2023-03-17 07:15:29:1529 | [35mGET /api/v1/reqruitment?location=berlin 304 - - 199.110 ms[39m
[35m[39m
[[35mhttp[39m] 2023-03-17 07:15:29:1529 | [35mGET /api/v1/reqruitment?description=python&location=berlin&full_time=true 304 - - 260.016 ms[39m
[35m[39m
[[35mhttp[39m] 2023-03-17 07:15:29:1529 | [35mGET /api/v1/reqruitment?location=berlin 304 - - 217.034 ms[39m
[35m[39m
[[35mhttp[39m] 2023-03-17 07:15:29:1529 | [35mGET /api/v1/reqruitment?description=python&location=berlin&full_time=true 304 - - 227.464 ms[39m
[35m[39m
[[35mhttp[39m] 2023-03-17 07:15:29:1529 | [35mGET /api/v1/reqruitment?location=berlin 304 - - 227.527 ms[39m
[35m[39m
[[35mhttp[39m] 2023-03-17 07:15:29:1529 | [35mGET /api/v1/reqruitment?location=berlin 304 - - 246.667 ms[39m
[35m[39m
[[35mhttp[39m] 2023-03-17 07:15:30:1530 | [35mGET /api/v1/reqruitment?location=berlin 304 - - 209.704 ms[39m
[35m[39m
[[35mhttp[39m] 2023-03-17 07:15:30:1530 | [35mGET /api/v1/reqruitment?description=python&location=berlin&full_time=true 304 - - 186.052 ms[39m
[35m[39m
[[35mhttp[39m] 2023-03-17 07:15:30:1530 | [35mGET /api/v1/reqruitment?location=berlin 304 - - 273.361 ms[39m
[35m[39m
[[35mhttp[39m] 2023-03-17 07:15:30:1530 | [35mGET /api/v1/reqruitment?description=python&location=berlin&full_time=true 304 - - 235.476 ms[39m
[35m[39m
[[35mhttp[39m] 2023-03-17 07:15:30:1530 | [35mGET /api/v1/reqruitment?location=berlin 304 - - 229.674 ms[39m
[35m[39m
[[35mhttp[39m] 2023-03-17 07:15:30:1530 | [35mGET /api/v1/reqruitment?description=python&location=berlin&full_time=true 304 - - 241.591 ms[39m
[35m[39m
[[35mhttp[39m] 2023-03-17 07:15:31:1531 | [35mGET /api/v1/reqruitment?location=berlin 304 - - 213.294 ms[39m
[35m[39m
[[35mhttp[39m] 2023-03-17 07:15:31:1531 | [35mGET /api/v1/reqruitment?location=berlin 304 - - 215.473 ms[39m
[35m[39m
[[35mhttp[39m] 2023-03-17 07:15:31:1531 | [35mGET /api/v1/reqruitment?description=python&location=berlin&full_time=true 304 - - 250.401 ms[39m
[35m[39m
[[35mhttp[39m] 2023-03-17 07:15:31:1531 | [35mGET /api/v1/reqruitment?location=berlin 304 - - 258.544 ms[39m
[35m[39m
[[35mhttp[39m] 2023-03-17 07:15:31:1531 | [35mGET /api/v1/reqruitment?description=python&location=berlin&full_time=true 304 - - 210.524 ms[39m
[35m[39m
[[35mhttp[39m] 2023-03-17 07:15:31:1531 | [35mGET /api/v1/reqruitment?location=berlin 304 - - 204.993 ms[39m
[35m[39m
[[35mhttp[39m] 2023-03-17 07:15:32:1532 | [35mGET /api/v1/reqruitment?description=python&location=berlin&full_time=true 304 - - 219.066 ms[39m
[35m[39m
[[35mhttp[39m] 2023-03-17 07:15:32:1532 | [35mGET /api/v1/reqruitment?location=berlin 304 - - 296.941 ms[39m
[35m[39m
[[35mhttp[39m] 2023-03-17 07:15:32:1532 | [35mGET /api/v1/reqruitment?location=berlin 304 - - 213.075 ms[39m
[35m[39m
[[35mhttp[39m] 2023-03-17 07:15:32:1532 | [35mGET /api/v1/reqruitment?description=python&location=berlin&full_time=true 304 - - 235.634 ms[39m
[35m[39m
[[35mhttp[39m] 2023-03-17 07:15:32:1532 | [35mGET /api/v1/reqruitment?description=python&location=berlin&full_time=true 304 - - 185.948 ms[39m
[35m[39m
[[35mhttp[39m] 2023-03-17 07:15:32:1532 | [35mGET /api/v1/reqruitment?location=berlin 304 - - 256.000 ms[39m
[35m[39m
[[35mhttp[39m] 2023-03-17 07:15:33:1533 | [35mGET /api/v1/reqruitment?description=python&location=berlin&full_time=true 304 - - 171.679 ms[39m
[35m[39m
[[35mhttp[39m] 2023-03-17 07:15:33:1533 | [35mGET /api/v1/reqruitment?location=berlin 304 - - 223.983 ms[39m
[35m[39m
[[35mhttp[39m] 2023-03-17 07:15:33:1533 | [35mGET /api/v1/reqruitment?location=berlin 304 - - 225.834 ms[39m
[35m[39m
[[35mhttp[39m] 2023-03-17 07:15:33:1533 | [35mGET /api/v1/reqruitment?description=python&location=berlin&full_time=true 304 - - 212.532 ms[39m
[35m[39m
[[35mhttp[39m] 2023-03-17 07:15:33:1533 | [35mGET /api/v1/reqruitment?location=berlin 304 - - 212.415 ms[39m
[35m[39m
[[35mhttp[39m] 2023-03-17 07:15:33:1533 | [35mGET /api/v1/reqruitment?location=berlin 304 - - 217.532 ms[39m
[35m[39m
[[35mhttp[39m] 2023-03-17 07:15:34:1534 | [35mGET /api/v1/reqruitment?description=python&location=berlin&full_time=true 304 - - 250.836 ms[39m
[35m[39m
[[35mhttp[39m] 2023-03-17 07:15:34:1534 | [35mGET /api/v1/reqruitment?location=berlin 304 - - 211.222 ms[39m
[35m[39m
[[35mhttp[39m] 2023-03-17 07:15:34:1534 | [35mGET /api/v1/reqruitment?description=python&location=berlin&full_time=true 304 - - 239.367 ms[39m
[35m[39m
[[35mhttp[39m] 2023-03-17 07:15:34:1534 | [35mGET /api/v1/reqruitment?location=berlin 304 - - 281.910 ms[39m
[35m[39m
[[35mhttp[39m] 2023-03-17 07:15:34:1534 | [35mGET /api/v1/reqruitment?location=berlin 304 - - 213.566 ms[39m
[35m[39m
[[35mhttp[39m] 2023-03-17 07:15:34:1534 | [35mGET /api/v1/reqruitment?description=python&location=berlin&full_time=true 304 - - 210.541 ms[39m
[35m[39m
[[35mhttp[39m] 2023-03-17 07:15:35:1535 | [35mGET /api/v1/reqruitment?description=python&location=berlin&full_time=true 304 - - 191.300 ms[39m
[35m[39m
[[35mhttp[39m] 2023-03-17 07:15:35:1535 | [35mGET /api/v1/reqruitment?location=berlin 304 - - 302.356 ms[39m
[35m[39m
[[35mhttp[39m] 2023-03-17 07:15:35:1535 | [35mGET /api/v1/reqruitment?description=python&location=berlin&full_time=true 200 80361 - 212.180 ms[39m
[35m[39m
[[35mhttp[39m] 2023-03-17 07:15:35:1535 | [35mGET /api/v1/reqruitment?location=berlin 304 - - 212.724 ms[39m
[35m[39m
[[35mhttp[39m] 2023-03-17 07:17:56:1756 | [35mGET /api/v1/reqruitment? 200 80361 - 236.565 ms[39m
[35m[39m
[[35mhttp[39m] 2023-03-17 07:17:56:1756 | [35mGET /api/v1/reqruitment? 304 - - 217.690 ms[39m
[35m[39m
[[35mhttp[39m] 2023-03-17 07:17:56:1756 | [35mGET /api/v1/reqruitment? 200 80361 - 203.024 ms[39m
[35m[39m
[[35mhttp[39m] 2023-03-17 07:17:56:1756 | [35mGET /api/v1/reqruitment? 200 80361 - 237.603 ms[39m
[35m[39m
[[35mhttp[39m] 2023-03-17 07:18:01:181 | [35mGET /api/v1/reqruitment?location=b 200 80361 - 323.222 ms[39m
[35m[39m
[[35mhttp[39m] 2023-03-17 07:18:01:181 | [35mGET /api/v1/reqruitment?location=be 200 80361 - 248.895 ms[39m
[35m[39m
[[35mhttp[39m] 2023-03-17 07:18:02:182 | [35mGET /api/v1/reqruitment?location=ber 200 80361 - 236.397 ms[39m
[35m[39m
[[35mhttp[39m] 2023-03-17 07:18:02:182 | [35mGET /api/v1/reqruitment?location=berli 200 80361 - 209.359 ms[39m
[35m[39m
[[35mhttp[39m] 2023-03-17 07:18:02:182 | [35mGET /api/v1/reqruitment?location=berlin 304 - - 217.896 ms[39m
[35m[39m
[[35mhttp[39m] 2023-03-17 07:18:02:182 | [35mGET /api/v1/reqruitment?location=berl 200 80361 - 208.327 ms[39m
[35m[39m
[[35mhttp[39m] 2023-03-17 07:18:05:185 | [35mGET /api/v1/reqruitment?location=berlin 304 - - 252.902 ms[39m
[35m[39m
[[35mhttp[39m] 2023-03-17 07:18:18:1818 | [35mGET /api/v1/reqruitment?location=berlin 304 - - 586.877 ms[39m
[35m[39m
[[32minfo[39m] 2023-03-17 07:19:43:1943 | [32m⚡️[server]: Server is running at http://localhost:4000[39m
[[32minfo[39m] 2023-03-17 07:19:43:1943 | [32mConnected to database success[39m
[[32minfo[39m] 2023-03-17 07:19:44:1944 | [32mInitialization success[39m
[[35mhttp[39m] 2023-03-17 07:19:44:1944 | [35mGET /api/v1/reqruitment?location=berlin 200 80361 - 289.574 ms[39m
[35m[39m
[[35mhttp[39m] 2023-03-17 07:20:01:201 | [35mGET /api/v1/reqruitment?location=berlin 200 80361 - 226.160 ms[39m
[35m[39m
[[32minfo[39m] 2023-03-17 07:20:24:2024 | [32m⚡️[server]: Server is running at http://localhost:4000[39m
[[32minfo[39m] 2023-03-17 07:20:24:2024 | [32mConnected to database success[39m
[[32minfo[39m] 2023-03-17 07:20:24:2024 | [32mInitialization success[39m
[[35mhttp[39m] 2023-03-17 07:20:27:2027 | [35mGET /api/v1/reqruitment?location=berlin 200 84 - 272.611 ms[39m
[35m[39m
[[32minfo[39m] 2023-03-17 07:23:32:2332 | [32m⚡️[server]: Server is running at http://localhost:4000[39m
[[32minfo[39m] 2023-03-17 07:23:32:2332 | [32mConnected to database success[39m
[[32minfo[39m] 2023-03-17 07:23:32:2332 | [32mInitialization success[39m
[[35mhttp[39m] 2023-03-17 07:24:03:243 | [35mGET /api/v1/reqruitment?location=berlin 304 - - 284.054 ms[39m
[35m[39m
[[35mhttp[39m] 2023-03-17 07:24:05:245 | [35mGET /api/v1/reqruitment?location=berlin 304 - - 116.346 ms[39m
[35m[39m
[[32minfo[39m] 2023-03-17 07:24:19:2419 | [32m⚡️[server]: Server is running at http://localhost:4000[39m
[[32minfo[39m] 2023-03-17 07:24:19:2419 | [32mConnected to database success[39m
[[32minfo[39m] 2023-03-17 07:24:20:2420 | [32mInitialization success[39m
[[35mhttp[39m] 2023-03-17 07:24:23:2423 | [35mGET /api/v1/reqruitment?location=berlin 200 103 - 170.202 ms[39m
[35m[39m
[[32minfo[39m] 2023-03-17 07:24:36:2436 | [32m⚡️[server]: Server is running at http://localhost:4000[39m
[[32minfo[39m] 2023-03-17 07:24:36:2436 | [32mConnected to database success[39m
[[32minfo[39m] 2023-03-17 07:24:36:2436 | [32mInitialization success[39m
[[35mhttp[39m] 2023-03-17 07:24:39:2439 | [35mGET /api/v1/reqruitment?location=berlin 200 11287 - 164.168 ms[39m
[35m[39m
[[35mhttp[39m] 2023-03-17 07:24:54:2454 | [35mGET /api/v1/reqruitment?description=python 200 21280 - 342.872 ms[39m
[35m[39m
[[35mhttp[39m] 2023-03-17 07:25:16:2516 | [35mGET /api/v1/reqruitment?description=Demyst 200 84 - 378.421 ms[39m
[35m[39m
[[35mhttp[39m] 2023-03-17 07:25:19:2519 | [35mGET /api/v1/reqruitment?description=Demyst 304 - - 125.412 ms[39m
[35m[39m
[[35mhttp[39m] 2023-03-17 07:25:24:2524 | [35mGET /api/v1/reqruitment?description=berlin 200 11287 - 178.062 ms[39m
[35m[39m
[[35mhttp[39m] 2023-03-17 07:25:58:2558 | [35mGET /api/v1/user/check 304 - - 93.351 ms[39m
[35m[39m
[[35mhttp[39m] 2023-03-17 07:25:58:2558 | [35mGET /api/v1/user/check 304 - - 13.238 ms[39m
[35m[39m
[[35mhttp[39m] 2023-03-17 07:26:03:263 | [35mGET /api/v1/reqruitment/32bf67e5-4971-47ce-985c-44b6b3860cdb 304 - - 331.866 ms[39m
[35m[39m
[[35mhttp[39m] 2023-03-17 07:26:03:263 | [35mGET /api/v1/reqruitment/32bf67e5-4971-47ce-985c-44b6b3860cdb 304 - - 103.875 ms[39m
[35m[39m
[[35mhttp[39m] 2023-03-17 07:26:26:2626 | [35mGET /api/v1/reqruitment? - - - - ms[39m
[35m[39m
[[35mhttp[39m] 2023-03-17 07:26:26:2626 | [35mGET /api/v1/reqruitment? - - - - ms[39m
[35m[39m
[[35mhttp[39m] 2023-03-17 07:26:27:2627 | [35mGET /api/v1/user/check 200 122 - 86.540 ms[39m
[35m[39m
[[35mhttp[39m] 2023-03-17 07:26:27:2627 | [35mGET /api/v1/user/check 304 - - 87.036 ms[39m
[35m[39m
[[35mhttp[39m] 2023-03-17 07:26:27:2627 | [35mGET /api/v1/reqruitment? 200 80361 - 203.002 ms[39m
[35m[39m
[[35mhttp[39m] 2023-03-17 07:26:27:2627 | [35mGET /api/v1/reqruitment? 304 - - 219.062 ms[39m
[35m[39m
[[35mhttp[39m] 2023-03-17 07:26:30:2630 | [35mGET /api/v1/reqruitment?location=b 200 15650 - 118.611 ms[39m
[35m[39m
[[35mhttp[39m] 2023-03-17 07:26:30:2630 | [35mGET /api/v1/reqruitment?location=be 200 11287 - 104.422 ms[39m
[35m[39m
[[35mhttp[39m] 2023-03-17 07:26:30:2630 | [35mGET /api/v1/reqruitment?location=ber 200 11287 - 100.838 ms[39m
[35m[39m
[[35mhttp[39m] 2023-03-17 07:26:31:2631 | [35mGET /api/v1/reqruitment?location=berl 200 11287 - 165.039 ms[39m
[35m[39m
[[35mhttp[39m] 2023-03-17 07:26:31:2631 | [35mGET /api/v1/reqruitment?location=berli 200 11287 - 110.312 ms[39m
[35m[39m
[[35mhttp[39m] 2023-03-17 07:26:31:2631 | [35mGET /api/v1/reqruitment?location=berlin 200 11287 - 110.090 ms[39m
[35m[39m
[[35mhttp[39m] 2023-03-17 07:26:34:2634 | [35mGET /api/v1/reqruitment?location=berlin 304 - - 98.662 ms[39m
[35m[39m
[[35mhttp[39m] 2023-03-17 07:26:44:2644 | [35mGET /api/v1/reqruitment?location=berlin 304 - - 108.510 ms[39m
[35m[39m
[[35mhttp[39m] 2023-03-17 07:26:46:2646 | [35mGET /api/v1/reqruitment? 304 - - 201.631 ms[39m
[35m[39m
[[35mhttp[39m] 2023-03-17 07:26:49:2649 | [35mGET /api/v1/reqruitment?description=asd 200 84 - 147.496 ms[39m
[35m[39m
[[35mhttp[39m] 2023-03-17 07:26:49:2649 | [35mGET /api/v1/reqruitment?description=a 200 80361 - 273.220 ms[39m
[35m[39m
[[35mhttp[39m] 2023-03-17 07:26:49:2649 | [35mGET /api/v1/reqruitment?description=as 200 76098 - 248.725 ms[39m
[35m[39m
[[35mhttp[39m] 2023-03-17 07:26:49:2649 | [35mGET /api/v1/reqruitment?description=asd 304 - - 99.530 ms[39m
[35m[39m
[[35mhttp[39m] 2023-03-17 07:26:52:2652 | [35mGET /api/v1/user/check 304 - - 47.567 ms[39m
[35m[39m
[[35mhttp[39m] 2023-03-17 07:26:52:2652 | [35mGET /api/v1/user/check 200 122 - 101.677 ms[39m
[35m[39m
[[35mhttp[39m] 2023-03-17 07:26:52:2652 | [35mGET /api/v1/reqruitment? 304 - - 249.221 ms[39m
[35m[39m
[[35mhttp[39m] 2023-03-17 07:26:52:2652 | [35mGET /api/v1/reqruitment? 200 80361 - 245.727 ms[39m
[35m[39m
[[35mhttp[39m] 2023-03-17 07:27:00:270 | [35mGET /api/v1/reqruitment?location=berlin 304 - - 224.806 ms[39m
[35m[39m
[[35mhttp[39m] 2023-03-17 07:27:03:273 | [35mGET /api/v1/reqruitment/f4a7c47f-c8ac-49fa-b15b-4ab37bfd2307 200 4214 - 93.409 ms[39m
[35m[39m
[[35mhttp[39m] 2023-03-17 07:27:03:273 | [35mGET /api/v1/reqruitment/f4a7c47f-c8ac-49fa-b15b-4ab37bfd2307 200 4214 - 111.643 ms[39m
[35m[39m
[[35mhttp[39m] 2023-03-17 07:28:09:289 | [35mGET /api/v1/user/check 304 - - 64.922 ms[39m
[35m[39m
[[35mhttp[39m] 2023-03-17 07:28:09:289 | [35mGET /api/v1/reqruitment/f4a7c47f-c8ac-49fa-b15b-4ab37bfd2307 200 4214 - 98.038 ms[39m
[35m[39m
[[35mhttp[39m] 2023-03-17 07:28:09:289 | [35mGET /api/v1/reqruitment/f4a7c47f-c8ac-49fa-b15b-4ab37bfd2307 304 - - 140.133 ms[39m
[35m[39m
[[35mhttp[39m] 2023-03-17 07:28:09:289 | [35mGET /api/v1/user/check 200 122 - 10.798 ms[39m
[35m[39m
[[35mhttp[39m] 2023-03-17 07:28:14:2814 | [35mGET /api/v1/reqruitment/f4a7c47f-c8ac-49fa-b15b-4ab37bfd2307 304 - - 115.529 ms[39m
[35m[39m
[[35mhttp[39m] 2023-03-17 07:28:26:2826 | [35mGET /api/v1/reqruitment/f4a7c47f-c8ac-49fa-b15b-4ab37bfd2307 304 - - 130.850 ms[39m
[35m[39m
[[35mhttp[39m] 2023-03-17 07:28:29:2829 | [35mGET /api/v1/reqruitment/f4a7c47f-c8ac-49fa-b15b-4ab37bfd2307 304 - - 106.442 ms[39m
[35m[39m
[[35mhttp[39m] 2023-03-17 07:28:29:2829 | [35mGET /api/v1/user/check 304 - - 54.677 ms[39m
[35m[39m
[[35mhttp[39m] 2023-03-17 07:28:29:2829 | [35mGET /api/v1/user/check 200 122 - 53.112 ms[39m
[35m[39m
[[35mhttp[39m] 2023-03-17 07:28:29:2829 | [35mGET /api/v1/reqruitment/f4a7c47f-c8ac-49fa-b15b-4ab37bfd2307 200 4214 - 142.188 ms[39m
[35m[39m
[[35mhttp[39m] 2023-03-17 07:28:57:2857 | [35mGET /api/v1/reqruitment/f4a7c47f-c8ac-49fa-b15b-4ab37bfd2307 200 4214 - 2091.353 ms[39m
[35m[39m
[[35mhttp[39m] 2023-03-17 07:28:57:2857 | [35mGET /api/v1/reqruitment/f4a7c47f-c8ac-49fa-b15b-4ab37bfd2307 304 - - 2132.684 ms[39m
[35m[39m
[[35mhttp[39m] 2023-03-17 07:28:57:2857 | [35mGET /api/v1/user/check 200 122 - 2096.246 ms[39m
[35m[39m
[[35mhttp[39m] 2023-03-17 07:28:57:2857 | [35mGET /api/v1/user/check 304 - - 2097.440 ms[39m
[35m[39m
[[35mhttp[39m] 2023-03-17 07:29:02:292 | [35mGET /api/v1/reqruitment? 200 80361 - 239.596 ms[39m
[35m[39m
[[35mhttp[39m] 2023-03-17 07:29:02:292 | [35mGET /api/v1/reqruitment? 304 - - 264.709 ms[39m
[35m[39m
[[35mhttp[39m] 2023-03-17 07:29:05:295 | [35mGET /api/v1/reqruitment?full_time=true 200 80361 - 413.543 ms[39m
[35m[39m
[[35mhttp[39m] 2023-03-17 07:37:58:3758 | [35mGET /api/v1/user/check 304 - - 110.212 ms[39m
[35m[39m
[[35mhttp[39m] 2023-03-17 07:37:58:3758 | [35mGET /api/v1/user/check 200 122 - 89.507 ms[39m
[35m[39m
[[35mhttp[39m] 2023-03-17 07:37:58:3758 | [35mGET /api/v1/reqruitment? 200 80361 - 249.210 ms[39m
[35m[39m
[[35mhttp[39m] 2023-03-17 07:37:58:3758 | [35mGET /api/v1/reqruitment? 304 - - 272.225 ms[39m
[35m[39m
[[35mhttp[39m] 2023-03-17 07:38:29:3829 | [35mGET /api/v1/user/check 304 - - 53.830 ms[39m
[35m[39m
[[35mhttp[39m] 2023-03-17 07:38:29:3829 | [35mGET /api/v1/reqruitment? 304 - - 204.408 ms[39m
[35m[39m
[[35mhttp[39m] 2023-03-17 07:38:29:3829 | [35mGET /api/v1/reqruitment? 200 80361 - 208.007 ms[39m
[35m[39m
[[35mhttp[39m] 2023-03-17 07:39:44:3944 | [35mGET /api/v1/user/check - - - - ms[39m
[35m[39m
[[35mhttp[39m] 2023-03-17 07:39:44:3944 | [35mGET /api/v1/user/check - - - - ms[39m
[35m[39m
[[35mhttp[39m] 2023-03-17 07:39:46:3946 | [35mGET /api/v1/user/check 200 122 - 10.389 ms[39m
[35m[39m
[[35mhttp[39m] 2023-03-17 07:39:46:3946 | [35mGET /api/v1/user/check 304 - - 10.009 ms[39m
[35m[39m
[[35mhttp[39m] 2023-03-17 07:41:56:4156 | [35mGET /api/v1/user/check 200 122 - 41.647 ms[39m
[35m[39m
[[35mhttp[39m] 2023-03-17 07:41:56:4156 | [35mGET /api/v1/user/check 304 - - 37.867 ms[39m
[35m[39m
[[35mhttp[39m] 2023-03-17 07:42:12:4212 | [35mGET /api/v1/user/check 200 122 - 49.302 ms[39m
[35m[39m
[[35mhttp[39m] 2023-03-17 07:42:12:4212 | [35mGET /api/v1/user/check 304 - - 45.692 ms[39m
[35m[39m
[[35mhttp[39m] 2023-03-17 07:42:32:4232 | [35mGET /api/v1/user/check 200 122 - 46.309 ms[39m
[35m[39m
[[35mhttp[39m] 2023-03-17 07:42:32:4232 | [35mGET /api/v1/user/check 304 - - 49.261 ms[39m
[35m[39m
[[35mhttp[39m] 2023-03-17 07:42:44:4244 | [35mGET /api/v1/user/check 304 - - 63.743 ms[39m
[35m[39m
[[35mhttp[39m] 2023-03-17 07:42:44:4244 | [35mGET /api/v1/user/check 200 122 - 54.656 ms[39m
[35m[39m
[[35mhttp[39m] 2023-03-17 07:42:48:4248 | [35mGET /api/v1/user/check 304 - - 18.290 ms[39m
[35m[39m
[[35mhttp[39m] 2023-03-17 07:42:48:4248 | [35mGET /api/v1/user/check 200 122 - 19.938 ms[39m
[35m[39m
[[35mhttp[39m] 2023-03-17 07:43:51:4351 | [35mGET /api/v1/user/check 304 - - 66.364 ms[39m
[35m[39m
[[35mhttp[39m] 2023-03-17 07:43:51:4351 | [35mGET /api/v1/user/check 200 122 - 102.391 ms[39m
[35m[39m
[[35mhttp[39m] 2023-03-17 08:17:22:1722 | [35mGET /api/v1/reqruitment? 304 - - 354.287 ms[39m
[35m[39m
[[35mhttp[39m] 2023-03-17 08:17:22:1722 | [35mGET /api/v1/reqruitment? 200 80361 - 343.542 ms[39m
[35m[39m
[[35mhttp[39m] 2023-03-17 08:20:08:208 | [35mPOST /api/v1/user/login 200 202 - 158.841 ms[39m
[35m[39m
[[35mhttp[39m] 2023-03-17 08:20:45:2045 | [35mGET /api/v1/user/check 304 - - 659.109 ms[39m
[35m[39m
[[35mhttp[39m] 2023-03-17 08:20:45:2045 | [35mGET /api/v1/user/check 200 122 - 642.748 ms[39m
[35m[39m
[[35mhttp[39m] 2023-03-17 08:20:45:2045 | [35mGET /api/v1/reqruitment? 304 - - 937.479 ms[39m
[35m[39m
[[35mhttp[39m] 2023-03-17 08:20:45:2045 | [35mGET /api/v1/reqruitment? 200 80361 - 938.079 ms[39m
[35m[39m
[[35mhttp[39m] 2023-03-17 08:21:53:2153 | [35mGET /api/v1/user/check 304 - - 31.687 ms[39m
[35m[39m
[[35mhttp[39m] 2023-03-17 08:22:14:2214 | [35mGET /api/v1/user/check 304 - - 28.822 ms[39m
[35m[39m
[[35mhttp[39m] 2023-03-17 08:22:21:2221 | [35mGET /api/v1/user/check 200 122 - 16.275 ms[39m
[35m[39m
[[35mhttp[39m] 2023-03-17 08:22:21:2221 | [35mGET /api/v1/user/check 304 - - 7.210 ms[39m
[35m[39m
[[35mhttp[39m] 2023-03-17 08:22:21:2221 | [35mGET /api/v1/reqruitment? 200 80361 - 230.137 ms[39m
[35m[39m
[[35mhttp[39m] 2023-03-17 08:22:21:2221 | [35mGET /api/v1/reqruitment? 304 - - 248.540 ms[39m
[35m[39m
[[35mhttp[39m] 2023-03-17 08:22:24:2224 | [35mGET /api/v1/user/check 304 - - 18.161 ms[39m
[35m[39m
[[35mhttp[39m] 2023-03-17 08:22:24:2224 | [35mGET /api/v1/user/check 200 122 - 11.332 ms[39m
[35m[39m
[[35mhttp[39m] 2023-03-17 08:24:43:2443 | [35mGET /api/v1/user/check 304 - - 49.252 ms[39m
[35m[39m
[[35mhttp[39m] 2023-03-17 08:24:43:2443 | [35mGET /api/v1/user/check 200 122 - 38.286 ms[39m
[35m[39m
[[35mhttp[39m] 2023-03-17 08:24:46:2446 | [35mGET /api/v1/user/check 304 - - 19.242 ms[39m
[35m[39m
[[35mhttp[39m] 2023-03-17 08:24:46:2446 | [35mGET /api/v1/user/check 200 122 - 18.502 ms[39m
[35m[39m
[[35mhttp[39m] 2023-03-17 08:25:14:2514 | [35mPOST /api/v1/user/login 200 202 - 141.750 ms[39m
[35m[39m
[[35mhttp[39m] 2023-03-17 08:25:14:2514 | [35mGET /api/v1/reqruitment? 200 80361 - 287.866 ms[39m
[35m[39m
[[35mhttp[39m] 2023-03-17 08:25:14:2514 | [35mGET /api/v1/reqruitment? 304 - - 309.510 ms[39m
[35m[39m
[[35mhttp[39m] 2023-03-17 08:25:31:2531 | [35mGET /api/v1/user/check 304 - - 47.911 ms[39m
[35m[39m
[[35mhttp[39m] 2023-03-17 08:25:31:2531 | [35mGET /api/v1/reqruitment? 304 - - 236.387 ms[39m
[35m[39m
[[35mhttp[39m] 2023-03-17 08:25:31:2531 | [35mGET /api/v1/reqruitment? 200 80361 - 320.588 ms[39m
[35m[39m
[[35mhttp[39m] 2023-03-17 08:25:34:2534 | [35mGET /api/v1/user/check 304 - - 7.046 ms[39m
[35m[39m
[[35mhttp[39m] 2023-03-17 08:36:13:3613 | [35mPOST /api/v1/user/login 200 202 - 135.016 ms[39m
[35m[39m
[[35mhttp[39m] 2023-03-17 08:42:42:4242 | [35mGET /api/v1/user/check 200 122 - 108.713 ms[39m
[35m[39m
[[35mhttp[39m] 2023-03-17 08:42:42:4242 | [35mGET /api/v1/user/check 304 - - 123.822 ms[39m
[35m[39m
[[35mhttp[39m] 2023-03-17 08:43:32:4332 | [35mGET /api/v1/user/check 304 - - 29.363 ms[39m
[35m[39m
[[35mhttp[39m] 2023-03-17 08:43:33:4333 | [35mGET /api/v1/reqruitment? 200 80361 - 215.430 ms[39m
[35m[39m
[[35mhttp[39m] 2023-03-17 08:43:33:4333 | [35mGET /api/v1/reqruitment? 304 - - 249.831 ms[39m
[35m[39m
[[35mhttp[39m] 2023-03-17 08:44:08:448 | [35mGET /api/v1/user/check 304 - - 28.676 ms[39m
[35m[39m
[[35mhttp[39m] 2023-03-17 08:44:42:4442 | [35mGET /api/v1/user/check 304 - - 27.470 ms[39m
[35m[39m
[[35mhttp[39m] 2023-03-17 08:44:46:4446 | [35mGET /api/v1/user/check 304 - - 14.291 ms[39m
[35m[39m
[[35mhttp[39m] 2023-03-17 08:44:48:4448 | [35mGET /api/v1/user/check 200 122 - 12.338 ms[39m
[35m[39m
[[35mhttp[39m] 2023-03-17 08:44:48:4448 | [35mGET /api/v1/user/check 304 - - 13.206 ms[39m
[35m[39m
[[35mhttp[39m] 2023-03-17 08:44:51:4451 | [35mGET /api/v1/user/check 304 - - 15.191 ms[39m
[35m[39m
[[35mhttp[39m] 2023-03-17 08:44:51:4451 | [35mGET /api/v1/user/check 200 122 - 45.828 ms[39m
[35m[39m
[[35mhttp[39m] 2023-03-17 08:44:55:4455 | [35mGET /api/v1/user/check 304 - - 19.111 ms[39m
[35m[39m
[[35mhttp[39m] 2023-03-17 08:44:55:4455 | [35mGET /api/v1/user/check 200 122 - 19.455 ms[39m
[35m[39m
[[35mhttp[39m] 2023-03-17 08:44:56:4456 | [35mGET /api/v1/reqruitment? 304 - - 215.570 ms[39m
[35m[39m
[[35mhttp[39m] 2023-03-17 08:44:56:4456 | [35mGET /api/v1/reqruitment? 200 80361 - 204.712 ms[39m
[35m[39m
